<?xml version="1.0" encoding="UTF-8"?>
<!-- Generated by org.testng.reporters.JUnitXMLReporter -->
<testsuite hostname="DDC2-D-6GP96BS" name="Department Validation Tests" tests="6" failures="2" timestamp="9 Oct 2015 05:03:34 GMT" time="369.436" errors="0">
  <testcase name="testDepartmentFinder" time="49.956" classname="com.merlin.test.DepartmentValidationTests"/>
  <testcase name="testNumberOfResults" time="37.25" classname="com.merlin.test.DepartmentValidationTests"/>
  <testcase name="testPageTitle" time="61.582" classname="com.merlin.test.DepartmentValidationTests"/>
  <testcase name="testSearchPageZeroResult" time="49.521" classname="com.merlin.test.DepartmentValidationTests"/>
  <testcase name="testSearchResultLandingPage" time="45.283" classname="com.merlin.test.DepartmentValidationTests">
    <failure type="java.lang.AssertionError" message=" Search results are not displayed  expected [true] but found [false]">
      <![CDATA[java.lang.AssertionError:  Search results are not displayed  expected [true] but found [false]
	at com.merlin.test.DepartmentValidationTests.testSearchResultLandingPage(DepartmentValidationTests.java:57)
... Removed 27 stack frames]]>
    </failure>
  </testcase> <!-- testSearchResultLandingPage -->
  <testcase name="testTopLevelDepartments" time="52.614" classname="com.merlin.test.DepartmentValidationTests">
    <failure type="java.lang.AssertionError" message=" SubCategories are not present for all the departments  expected [true] but found [false]">
      <![CDATA[java.lang.AssertionError:  SubCategories are not present for all the departments  expected [true] but found [false]
	at com.merlin.test.DepartmentValidationTests.testTopLevelDepartments(DepartmentValidationTests.java:282)
... Removed 27 stack frames]]>
    </failure>
  </testcase> <!-- testTopLevelDepartments -->
</testsuite> <!-- Department Validation Tests -->
