<?xml version="1.0" encoding="UTF-8"?>
<!-- Generated by org.testng.reporters.JUnitXMLReporter -->
<testsuite hostname="DDC2-D-6GP96BS" name="Help And Support Validation Tests" tests="6" failures="1" timestamp="9 Oct 2015 04:57:24 GMT" time="393.847" errors="0">
  <testcase name="testApplicationSupportValidation" time="40.798" classname="com.merlin.test.HelpAndSupportValidationTests"/>
  <testcase name="testContentSupportValidation" time="46.223" classname="com.merlin.test.HelpAndSupportValidationTests"/>
  <testcase name="testPublisherSupportValidation" time="57.402" classname="com.merlin.test.HelpAndSupportValidationTests"/>
  <testcase name="testSupportPageDisplayValidation" time="31.758" classname="com.merlin.test.HelpAndSupportValidationTests">
    <failure type="java.lang.AssertionError" message="Unable to log in to application expected [true] but found [false]">
      <![CDATA[java.lang.AssertionError: Unable to log in to application expected [true] but found [false]
	at com.merlin.test.HelpAndSupportValidationTests.testSupportPageDisplayValidation(HelpAndSupportValidationTests.java:89)
... Removed 27 stack frames]]>
    </failure>
  </testcase> <!-- testSupportPageDisplayValidation -->
  <testcase name="testSupportTypesValidation" time="98.198" classname="com.merlin.test.HelpAndSupportValidationTests"/>
  <testcase name="testUserBasicInformationValidation" time="50.299" classname="com.merlin.test.HelpAndSupportValidationTests"/>
</testsuite> <!-- Help And Support Validation Tests -->
