<?xml version="1.0" encoding="UTF-8"?>
<!-- Generated by org.testng.reporters.JUnitXMLReporter -->
<testsuite hostname="DDC2-D-6GP96BS" name="Home Page Validation Tests" tests="5" failures="2" timestamp="9 Oct 2015 04:46:29 GMT" time="452.465" errors="0">
  <testcase name="testGlobalNewsArticleValidation" time="126.066" classname="com.merlin.test.HomePageValidationTests"/>
  <testcase name="testHomePageDisplayValidation" time="45.917" classname="com.merlin.test.HomePageValidationTests">
    <failure type="java.lang.AssertionError" message="Notification descriptions are not displayed expected [true] but found [false]">
      <![CDATA[java.lang.AssertionError: Notification descriptions are not displayed expected [true] but found [false]
	at com.merlin.test.HomePageValidationTests.testHomePageDisplayValidation(HomePageValidationTests.java:82)
... Removed 27 stack frames]]>
    </failure>
  </testcase> <!-- testHomePageDisplayValidation -->
  <testcase name="testHotelPerformanceCTAValidation" time="62.738" classname="com.merlin.test.HomePageValidationTests"/>
  <testcase name="testNotificationsPortletValidation" time="31.718" classname="com.merlin.test.HomePageValidationTests">
    <failure type="java.lang.AssertionError" message="Notification title, description and flag not displayed for all notifications expected [true] but found [false]">
      <![CDATA[java.lang.AssertionError: Notification title, description and flag not displayed for all notifications expected [true] but found [false]
	at com.merlin.test.HomePageValidationTests.testNotificationsPortletValidation(HomePageValidationTests.java:264)
... Removed 27 stack frames]]>
    </failure>
  </testcase> <!-- testNotificationsPortletValidation -->
  <testcase name="testRegionalNewsArticleValidation" time="129.171" classname="com.merlin.test.HomePageValidationTests"/>
</testsuite> <!-- Home Page Validation Tests -->
