<?xml version="1.0" encoding="UTF-8"?>
<!-- Generated by org.testng.reporters.JUnitXMLReporter -->
<testsuite hostname="DDC2-D-6GP96BS" name="Popular Applications Validation Tests" tests="3" failures="1" timestamp="8 Oct 2015 13:21:30 GMT" time="175.136" errors="0">
  <testcase name="testMyFavouritesApplications" time="52.011" classname="com.merlin.test.PopularApplicationValidationTests"/>
  <testcase name="testMyFavouritesSection" time="43.277" classname="com.merlin.test.PopularApplicationValidationTests"/>
  <testcase name="testPopularApplications" time="46.143" classname="com.merlin.test.PopularApplicationValidationTests">
    <failure type="java.lang.AssertionError" message="Confirmation Popup is not displayed expected [true] but found [false]">
      <![CDATA[java.lang.AssertionError: Confirmation Popup is not displayed expected [true] but found [false]
	at com.merlin.test.PopularApplicationValidationTests.testPopularApplications(PopularApplicationValidationTests.java:173)
... Removed 27 stack frames]]>
    </failure>
  </testcase> <!-- testPopularApplications -->
</testsuite> <!-- Popular Applications Validation Tests -->
