<?xml version="1.0" encoding="UTF-8"?>
<!-- Generated by org.testng.reporters.JUnitXMLReporter -->
<testsuite hostname="user-PC" name="Command line test" tests="3" failures="0" timestamp="29 Aug 2020 14:52:18 GMT" time="1.014" errors="0">
  <testcase name="@BeforeMethod launchURLAndLogIn" time="0.0" classname="com.merlin.test.LogInValidationTests">
    <failure type="java.lang.IllegalStateException" message="The driver executable does not exist: C:\Users\kuldeep.f.singh\Softwares\Drivers\chromedriver_win32\chromedriver.exe">
      <![CDATA[java.lang.IllegalStateException: The driver executable does not exist: C:\Users\kuldeep.f.singh\Softwares\Drivers\chromedriver_win32\chromedriver.exe
	at com.google.common.base.Preconditions.checkState(Preconditions.java:197)
	at org.openqa.selenium.remote.service.DriverService.checkExecutable(DriverService.java:121)
	at org.openqa.selenium.remote.service.DriverService.findExecutable(DriverService.java:116)
	at org.openqa.selenium.chrome.ChromeDriverService.access$0(ChromeDriverService.java:1)
	at org.openqa.selenium.chrome.ChromeDriverService$Builder.findDefaultExecutable(ChromeDriverService.java:137)
	at org.openqa.selenium.remote.service.DriverService$Builder.build(DriverService.java:290)
	at org.openqa.selenium.chrome.ChromeDriverService.createDefaultService(ChromeDriverService.java:88)
	at org.openqa.selenium.chrome.ChromeDriver.<init>(ChromeDriver.java:116)
	at com.functionalComponents.TestSetUp.launchURLAndLogIn(TestSetUp.java:47)
	at testRun.Executor.main(Executor.java:21)
... Removed 23 stack frames]]>
    </failure>
  </testcase> <!-- @BeforeMethod launchURLAndLogIn -->
  <testcase name="@AfterMethod takeScreenshotOnTestFailure" time="0.0" classname="com.merlin.test.LogInValidationTests">
    <skipped/>
  </testcase> <!-- @AfterMethod takeScreenshotOnTestFailure -->
  <testcase name="@BeforeMethod launchURLAndLogIn" time="0.0" classname="com.merlin.test.LogInValidationTests">
    <skipped/>
  </testcase> <!-- @BeforeMethod launchURLAndLogIn -->
  <testcase name="@AfterMethod takeScreenshotOnTestFailure" time="0.0" classname="com.merlin.test.LogInValidationTests">
    <skipped/>
  </testcase> <!-- @AfterMethod takeScreenshotOnTestFailure -->
  <testcase name="@BeforeMethod launchURLAndLogIn" time="0.0" classname="com.merlin.test.LogInValidationTests">
    <skipped/>
  </testcase> <!-- @BeforeMethod launchURLAndLogIn -->
  <testcase name="@AfterMethod takeScreenshotOnTestFailure" time="0.0" classname="com.merlin.test.LogInValidationTests">
    <skipped/>
  </testcase> <!-- @AfterMethod takeScreenshotOnTestFailure -->
  <testcase name="testLogInErrorMessageValidation" time="0.0" classname="com.merlin.test.LogInValidationTests">
    <skipped/>
  </testcase> <!-- testLogInErrorMessageValidation -->
  <testcase name="testLogInValidation" time="0.0" classname="com.merlin.test.LogInValidationTests">
    <skipped/>
  </testcase> <!-- testLogInValidation -->
  <testcase name="testLogOutValidation" time="0.001" classname="com.merlin.test.LogInValidationTests">
    <skipped/>
  </testcase> <!-- testLogOutValidation -->
</testsuite> <!-- Command line test -->
